<?xml version="1.0" encoding="UTF-8"?>
<testsuite name="org.example.MyLinkedListTest" tests="1" skipped="0" failures="0" errors="0" timestamp="2022-10-18T19:59:21" hostname="DESKTOP-EMHNB9K" time="0.018">
  <properties/>
  <testcase name="append()" classname="org.example.MyLinkedListTest" time="0.018"/>
  <system-out><![CDATA[]]></system-out>
  <system-err><![CDATA[]]></system-err>
</testsuite>
